<?xml version="1.0" encoding="UTF-8"?>
<!-- Generated by org.testng.reporters.JUnitXMLReporter -->
<testsuite ignored="0" hostname="HP" failures="1" tests="1" name="Surefire test" time="1.568" errors="0" timestamp="2026-07-31T11:11:04 IST">
  <testcase classname="tests.LaunchAppTest" name="launchApp" time="1.513">
    <failure type="org.openqa.selenium.SessionNotCreatedException" message="Could not start a new session. Response code 500. Message: Neither ANDROID_HOME nor ANDROID_SDK_ROOT environment variable was exported. Read https://developer.android.com/studio/command-line/variables for more details 
Host info: host: &amp;apos;HP&amp;apos;, ip: &amp;apos;192.168.1.56&amp;apos;
Build info: version: &amp;apos;4.13.0&amp;apos;, revision: &amp;apos;ba948ece5b*&amp;apos;
System info: os.name: &amp;apos;Windows 11&amp;apos;, os.arch: &amp;apos;amd64&amp;apos;, os.version: &amp;apos;10.0&amp;apos;, java.version: &amp;apos;25.0.2&amp;apos;
Driver info: io.appium.java_client.android.AndroidDriver
Command: [null, newSession {capabilities=[{appium:deviceName=Android Emulator, platformName=ANDROID, appium:automationName=UIAutomator2, appium:app=C:\Users\sanyu\Downloads\mda-2.2.0-25.apk}], desiredCapabilities=Capabilities {appium:app: C:\Users\sanyu\Downloads\md..., appium:automationName: UIAutomator2, appium:deviceName: Android Emulator, platformName: ANDROID}}]
Capabilities {appium:app: C:\Users\sanyu\Downloads\md..., appium:automationName: UIAutomator2, appium:deviceName: Android Emulator, platformName: ANDROID}">
      <![CDATA[org.openqa.selenium.SessionNotCreatedException: Could not start a new session. Response code 500. Message: Neither ANDROID_HOME nor ANDROID_SDK_ROOT environment variable was exported. Read https://developer.android.com/studio/command-line/variables for more details 
Host info: host: 'HP', ip: '192.168.1.56'
Build info: version: '4.13.0', revision: 'ba948ece5b*'
System info: os.name: 'Windows 11', os.arch: 'amd64', os.version: '10.0', java.version: '25.0.2'
Driver info: io.appium.java_client.android.AndroidDriver
Command: [null, newSession {capabilities=[{appium:deviceName=Android Emulator, platformName=ANDROID, appium:automationName=UIAutomator2, appium:app=C:\Users\sanyu\Downloads\mda-2.2.0-25.apk}], desiredCapabilities=Capabilities {appium:app: C:\Users\sanyu\Downloads\md..., appium:automationName: UIAutomator2, appium:deviceName: Android Emulator, platformName: ANDROID}}]
Capabilities {appium:app: C:\Users\sanyu\Downloads\md..., appium:automationName: UIAutomator2, appium:deviceName: Android Emulator, platformName: ANDROID}
at org.openqa.selenium.remote.ProtocolHandshake.createSession(ProtocolHandshake.java:140)
at io.appium.java_client.remote.AppiumProtocolHandshake.createSession(AppiumProtocolHandshake.java:133)
at io.appium.java_client.remote.AppiumProtocolHandshake.createSession(AppiumProtocolHandshake.java:102)
at io.appium.java_client.remote.AppiumCommandExecutor.createSession(AppiumCommandExecutor.java:182)
at io.appium.java_client.remote.AppiumCommandExecutor.execute(AppiumCommandExecutor.java:250)
at org.openqa.selenium.remote.RemoteWebDriver.execute(RemoteWebDriver.java:602)
at io.appium.java_client.AppiumDriver.startSession(AppiumDriver.java:274)
at org.openqa.selenium.remote.RemoteWebDriver.<init>(RemoteWebDriver.java:163)
at io.appium.java_client.AppiumDriver.<init>(AppiumDriver.java:89)
at io.appium.java_client.AppiumDriver.<init>(AppiumDriver.java:101)
at io.appium.java_client.android.AndroidDriver.<init>(AndroidDriver.java:113)
at utils.DriverFactory.getDriver(DriverFactory.java:26)
at tests.LaunchAppTest.launchApp(LaunchAppTest.java:14)
at java.base/java.util.ArrayList.forEach(ArrayList.java:1604)
... Removed 32 stack frames]]>
    </failure>
  </testcase> <!-- launchApp -->
</testsuite> <!-- Surefire test -->
