<?xml version="1.0" encoding="UTF-8"?>
<testng-results ignored="0" total="2" passed="2" failed="0" skipped="0">
  <reporter-output>
  </reporter-output>
  <suite started-at="2026-07-31T17:09:15 IST" name="Default suite" finished-at="2026-07-31T17:09:32 IST" duration-ms="17465">
    <groups>
    </groups>
    <test started-at="2026-07-31T17:09:15 IST" name="Default test" finished-at="2026-07-31T17:09:32 IST" duration-ms="17465">
      <class name="tests.LoginTest">
        <test-method is-config="true" signature="setup()[pri:0, instance:tests.LoginTest@618b19ad]" started-at="2026-07-31T17:09:15 IST" name="setup" finished-at="2026-07-31T17:09:24 IST" duration-ms="8804" status="PASS">
          <reporter-output>
          </reporter-output>
        </test-method> <!-- setup -->
        <test-method signature="validLoginTest()[pri:1, instance:tests.LoginTest@618b19ad]" started-at="2026-07-31T17:09:24 IST" name="validLoginTest" finished-at="2026-07-31T17:09:25 IST" duration-ms="1460" status="PASS">
          <reporter-output>
          </reporter-output>
        </test-method> <!-- validLoginTest -->
        <test-method is-config="true" signature="tearDown()[pri:0, instance:tests.LoginTest@618b19ad]" started-at="2026-07-31T17:09:25 IST" name="tearDown" finished-at="2026-07-31T17:09:26 IST" duration-ms="893" status="PASS">
          <reporter-output>
          </reporter-output>
        </test-method> <!-- tearDown -->
        <test-method is-config="true" signature="setup()[pri:0, instance:tests.LoginTest@618b19ad]" started-at="2026-07-31T17:09:26 IST" name="setup" finished-at="2026-07-31T17:09:30 IST" duration-ms="3569" status="PASS">
          <reporter-output>
          </reporter-output>
        </test-method> <!-- setup -->
        <test-method signature="lockedUserLoginTest()[pri:2, instance:tests.LoginTest@618b19ad]" started-at="2026-07-31T17:09:30 IST" name="lockedUserLoginTest" finished-at="2026-07-31T17:09:31 IST" duration-ms="1356" status="PASS">
          <reporter-output>
          </reporter-output>
        </test-method> <!-- lockedUserLoginTest -->
        <test-method is-config="true" signature="tearDown()[pri:0, instance:tests.LoginTest@618b19ad]" started-at="2026-07-31T17:09:31 IST" name="tearDown" finished-at="2026-07-31T17:09:32 IST" duration-ms="1312" status="PASS">
          <reporter-output>
          </reporter-output>
        </test-method> <!-- tearDown -->
      </class> <!-- tests.LoginTest -->
    </test> <!-- Default test -->
  </suite> <!-- Default suite -->
</testng-results>
