<?xml version="1.0" encoding="UTF-8"?>
<testng-results ignored="0" total="2" passed="2" failed="0" skipped="0">
  <reporter-output>
  </reporter-output>
  <suite started-at="2026-07-31T21:13:43 IST" name="Default suite" finished-at="2026-07-31T21:13:50 IST" duration-ms="6918">
    <groups>
    </groups>
    <test started-at="2026-07-31T21:13:43 IST" name="Default test" finished-at="2026-07-31T21:13:50 IST" duration-ms="6918">
      <class name="tests.LoginTest">
        <test-method is-config="true" signature="setup()[pri:0, instance:tests.LoginTest@397fbdb]" started-at="2026-07-31T21:13:43 IST" name="setup" finished-at="2026-07-31T21:13:46 IST" duration-ms="3038" status="PASS">
          <reporter-output>
          </reporter-output>
        </test-method> <!-- setup -->
        <test-method signature="verifySuccessfulLogin()[pri:1, instance:tests.LoginTest@397fbdb]" started-at="2026-07-31T21:13:46 IST" name="verifySuccessfulLogin" description="Test Case A (Success Path): Login with standard_user" finished-at="2026-07-31T21:13:47 IST" duration-ms="486" status="PASS">
          <reporter-output>
          </reporter-output>
        </test-method> <!-- verifySuccessfulLogin -->
        <test-method is-config="true" signature="tearDown()[pri:0, instance:tests.LoginTest@397fbdb]" started-at="2026-07-31T21:13:47 IST" name="tearDown" finished-at="2026-07-31T21:13:47 IST" duration-ms="402" status="PASS">
          <reporter-output>
          </reporter-output>
        </test-method> <!-- tearDown -->
        <test-method is-config="true" signature="setup()[pri:0, instance:tests.LoginTest@397fbdb]" started-at="2026-07-31T21:13:47 IST" name="setup" finished-at="2026-07-31T21:13:49 IST" duration-ms="1651" status="PASS">
          <reporter-output>
          </reporter-output>
        </test-method> <!-- setup -->
        <test-method signature="verifyLockedOutUserLogin()[pri:2, instance:tests.LoginTest@397fbdb]" started-at="2026-07-31T21:13:49 IST" name="verifyLockedOutUserLogin" description="Test Case B (Failure Path): Login with locked_out_user" finished-at="2026-07-31T21:13:50 IST" duration-ms="1033" status="PASS">
          <reporter-output>
          </reporter-output>
        </test-method> <!-- verifyLockedOutUserLogin -->
        <test-method is-config="true" signature="tearDown()[pri:0, instance:tests.LoginTest@397fbdb]" started-at="2026-07-31T21:13:50 IST" name="tearDown" finished-at="2026-07-31T21:13:50 IST" duration-ms="246" status="PASS">
          <reporter-output>
          </reporter-output>
        </test-method> <!-- tearDown -->
      </class> <!-- tests.LoginTest -->
    </test> <!-- Default test -->
  </suite> <!-- Default suite -->
</testng-results>
